<?xml version="1.0" encoding="UTF-8"?>
<testng-results ignored="0" total="1" passed="1" failed="0" skipped="0">
  <reporter-output>
  </reporter-output>
  <suite started-at="2023-07-12T11:42:27 IST" name="Default suite" finished-at="2023-07-12T11:42:27 IST" duration-ms="37">
    <groups>
    </groups>
    <test started-at="2023-07-12T11:42:27 IST" name="Default test" finished-at="2023-07-12T11:42:27 IST" duration-ms="37">
      <class name="JenkinsPractice.Browsertest2">
        <test-method signature="m2()[pri:0, instance:JenkinsPractice.Browsertest2@7ed7259e]" started-at="2023-07-12T11:42:27 IST" name="m2" finished-at="2023-07-12T11:42:27 IST" duration-ms="9" status="PASS">
          <reporter-output>
          </reporter-output>
        </test-method> <!-- m2 -->
      </class> <!-- JenkinsPractice.Browsertest2 -->
    </test> <!-- Default test -->
  </suite> <!-- Default suite -->
</testng-results>
